<?xml version="1.0" encoding="UTF-8"?>
<testng-results skipped="0" failed="0" ignored="0" total="1" passed="1">
  <reporter-output>
  </reporter-output>
  <suite name="FirstSuite" duration-ms="31" started-at="2020-07-23T13:14:06Z" finished-at="2020-07-23T13:14:06Z">
    <groups>
    </groups>
    <test name="FirstTest" duration-ms="31" started-at="2020-07-23T13:14:06Z" finished-at="2020-07-23T13:14:06Z">
      <class name="com.project.LoginTest">
        <test-method status="PASS" signature="m1()[pri:0, instance:com.project.LoginTest@448ff1a8]" name="m1" duration-ms="8" started-at="2020-07-23T13:14:06Z" finished-at="2020-07-23T13:14:06Z">
          <reporter-output>
          </reporter-output>
        </test-method> <!-- m1 -->
      </class> <!-- com.project.LoginTest -->
    </test> <!-- FirstTest -->
  </suite> <!-- FirstSuite -->
</testng-results>
