<?xml version="1.0" encoding="UTF-8"?>
<testng-results skipped="0" failed="0" ignored="0" total="1" passed="1">
  <reporter-output>
  </reporter-output>
  <suite name="FirstSuite" duration-ms="26" started-at="2020-07-23T13:24:57Z" finished-at="2020-07-23T13:24:57Z">
    <groups>
    </groups>
    <test name="FirstTest" duration-ms="26" started-at="2020-07-23T13:24:57Z" finished-at="2020-07-23T13:24:57Z">
      <class name="com.project.LoginTest">
        <test-method status="PASS" signature="m1()[pri:0, instance:com.project.LoginTest@25359ed8]" name="m1" duration-ms="6" started-at="2020-07-23T13:24:57Z" finished-at="2020-07-23T13:24:57Z">
          <reporter-output>
          </reporter-output>
        </test-method> <!-- m1 -->
      </class> <!-- com.project.LoginTest -->
    </test> <!-- FirstTest -->
  </suite> <!-- FirstSuite -->
</testng-results>
